Trying to import Prob3GPUOscillationService...
CAN NOT import Prob3GPUOscillationService...
[ WARNING] Ensuring that YeO is fixed for this analysis.
[    INFO] ==> elapsed time to initialize templates: 2.72071194649 sec
[    INFO] start oscillation calculation
[    INFO] stop oscillation calculation
       ==> elapsed time to get all fine maps: 2.98497700691 sec
running at  (('YeO', 0.46929999999999999),)
fixing YeO to 0.47
[    INFO] start oscillation calculation
[    INFO] stop oscillation calculation
       ==> elapsed time to get all fine maps: 3.03035497665 sec
{'PID_offset': 0.0, 'theta13': 0.14835298641951802, 'pid_kernelfile': None, 'deltacp': 0.0, 'aeff_coszen_par': 'aeff/V36/V36_aeff_cz.json', 'nu_nubar_ratio': 1.0, 'deltam21': 7.5e-05, 'aeff_scale': 1.0, 'reco_mode': 'param', 'pid_mode': 'param', 'prop_height': 20.0, 'aeff_egy_par': {'numu': 'aeff/V36/cuts_V5/a_eff_numu.dat', 'nue_bar': 'aeff/V36/cuts_V5/a_eff_nuebar.dat', 'NC': 'aeff/V36/cuts_V5/a_eff_nuall_nc.dat', 'nutau_bar': 'aeff/V36/cuts_V5/a_eff_nutaubar.dat', 'NC_bar': 'aeff/V36/cuts_V5/a_eff_nuallbar_nc.dat', 'nue': 'aeff/V36/cuts_V5/a_eff_nue.dat', 'nutau': 'aeff/V36/cuts_V5/a_eff_nutau.dat', 'numu_bar': 'aeff/V36/cuts_V5/a_eff_numubar.dat'}, 'theta23': 0.6807, 'nue_numu_ratio': 1.0, 'livetime': 1.0, 'detector_depth': 2.0, 'channel': 'all', 'YeI': 0.4656, 'YeM': 0.4957, 'YeO': 0.46929999999999999, 'cz_reco_scale': 1.0, 'reco_param_file': 'reco/V36.json', 'earth_model': 'oscillations/PREM_12layer.dat', 'flux_file': 'flux/frj-solmin-mountain-aa.d', 'reco_kernel_file': None, 'deltam31': 0.00246, 'osc_code': 'prob3', 'PID_scale': 1.0, 'reco_mc_wt_file': 'events/V36_weighted_aeff_joined_nu_nubar.hdf5', 'aeff_weight_file': None, 'atm_delta_index': 0.0, 'e_reco_scale': 1.0, 'reco_vbwkde_evts_file': 'events/V36_weighted_aeff_joined_nu_nubar.hdf5', 'theta12': 0.5846852994181004, 'energy_scale': 1.0, 'aeff_mode': 'param', 'pid_paramfile': 'pid/V36_pid_recoEgy.json'}
running at  (('YeO', 0.46970000000000001),)
fixing YeO to 0.47
[    INFO] start oscillation calculation
[    INFO] stop oscillation calculation
       ==> elapsed time to get all fine maps: 3.01750016212 sec
{'PID_offset': 0.0, 'theta13': 0.14835298641951802, 'pid_kernelfile': None, 'deltacp': 0.0, 'aeff_coszen_par': 'aeff/V36/V36_aeff_cz.json', 'nu_nubar_ratio': 1.0, 'deltam21': 7.5e-05, 'aeff_scale': 1.0, 'reco_mode': 'param', 'pid_mode': 'param', 'prop_height': 20.0, 'aeff_egy_par': {'numu': 'aeff/V36/cuts_V5/a_eff_numu.dat', 'nue_bar': 'aeff/V36/cuts_V5/a_eff_nuebar.dat', 'NC': 'aeff/V36/cuts_V5/a_eff_nuall_nc.dat', 'nutau_bar': 'aeff/V36/cuts_V5/a_eff_nutaubar.dat', 'NC_bar': 'aeff/V36/cuts_V5/a_eff_nuallbar_nc.dat', 'nue': 'aeff/V36/cuts_V5/a_eff_nue.dat', 'nutau': 'aeff/V36/cuts_V5/a_eff_nutau.dat', 'numu_bar': 'aeff/V36/cuts_V5/a_eff_numubar.dat'}, 'theta23': 0.6807, 'nue_numu_ratio': 1.0, 'livetime': 1.0, 'detector_depth': 2.0, 'channel': 'all', 'YeI': 0.4656, 'YeM': 0.4957, 'YeO': 0.46970000000000001, 'cz_reco_scale': 1.0, 'reco_param_file': 'reco/V36.json', 'earth_model': 'oscillations/PREM_12layer.dat', 'flux_file': 'flux/frj-solmin-mountain-aa.d', 'reco_kernel_file': None, 'deltam31': 0.00246, 'osc_code': 'prob3', 'PID_scale': 1.0, 'reco_mc_wt_file': 'events/V36_weighted_aeff_joined_nu_nubar.hdf5', 'aeff_weight_file': None, 'atm_delta_index': 0.0, 'e_reco_scale': 1.0, 'reco_vbwkde_evts_file': 'events/V36_weighted_aeff_joined_nu_nubar.hdf5', 'theta12': 0.5846852994181004, 'energy_scale': 1.0, 'aeff_mode': 'param', 'pid_paramfile': 'pid/V36_pid_recoEgy.json'}
running at  (('YeO', 0.47089999999999999),)
fixing YeO to 0.47
[    INFO] start oscillation calculation
[    INFO] stop oscillation calculation
       ==> elapsed time to get all fine maps: 3.03041601181 sec
{'PID_offset': 0.0, 'theta13': 0.14835298641951802, 'pid_kernelfile': None, 'deltacp': 0.0, 'aeff_coszen_par': 'aeff/V36/V36_aeff_cz.json', 'nu_nubar_ratio': 1.0, 'deltam21': 7.5e-05, 'aeff_scale': 1.0, 'reco_mode': 'param', 'pid_mode': 'param', 'prop_height': 20.0, 'aeff_egy_par': {'numu': 'aeff/V36/cuts_V5/a_eff_numu.dat', 'nue_bar': 'aeff/V36/cuts_V5/a_eff_nuebar.dat', 'NC': 'aeff/V36/cuts_V5/a_eff_nuall_nc.dat', 'nutau_bar': 'aeff/V36/cuts_V5/a_eff_nutaubar.dat', 'NC_bar': 'aeff/V36/cuts_V5/a_eff_nuallbar_nc.dat', 'nue': 'aeff/V36/cuts_V5/a_eff_nue.dat', 'nutau': 'aeff/V36/cuts_V5/a_eff_nutau.dat', 'numu_bar': 'aeff/V36/cuts_V5/a_eff_numubar.dat'}, 'theta23': 0.6807, 'nue_numu_ratio': 1.0, 'livetime': 1.0, 'detector_depth': 2.0, 'channel': 'all', 'YeI': 0.4656, 'YeM': 0.4957, 'YeO': 0.47089999999999999, 'cz_reco_scale': 1.0, 'reco_param_file': 'reco/V36.json', 'earth_model': 'oscillations/PREM_12layer.dat', 'flux_file': 'flux/frj-solmin-mountain-aa.d', 'reco_kernel_file': None, 'deltam31': 0.00246, 'osc_code': 'prob3', 'PID_scale': 1.0, 'reco_mc_wt_file': 'events/V36_weighted_aeff_joined_nu_nubar.hdf5', 'aeff_weight_file': None, 'atm_delta_index': 0.0, 'e_reco_scale': 1.0, 'reco_vbwkde_evts_file': 'events/V36_weighted_aeff_joined_nu_nubar.hdf5', 'theta12': 0.5846852994181004, 'energy_scale': 1.0, 'aeff_mode': 'param', 'pid_paramfile': 'pid/V36_pid_recoEgy.json'}
running at  (('YeO', 0.47149999999999997),)
fixing YeO to 0.47
[    INFO] start oscillation calculation
[    INFO] stop oscillation calculation
       ==> elapsed time to get all fine maps: 3.04316210747 sec
{'PID_offset': 0.0, 'theta13': 0.14835298641951802, 'pid_kernelfile': None, 'deltacp': 0.0, 'aeff_coszen_par': 'aeff/V36/V36_aeff_cz.json', 'nu_nubar_ratio': 1.0, 'deltam21': 7.5e-05, 'aeff_scale': 1.0, 'reco_mode': 'param', 'pid_mode': 'param', 'prop_height': 20.0, 'aeff_egy_par': {'numu': 'aeff/V36/cuts_V5/a_eff_numu.dat', 'nue_bar': 'aeff/V36/cuts_V5/a_eff_nuebar.dat', 'NC': 'aeff/V36/cuts_V5/a_eff_nuall_nc.dat', 'nutau_bar': 'aeff/V36/cuts_V5/a_eff_nutaubar.dat', 'NC_bar': 'aeff/V36/cuts_V5/a_eff_nuallbar_nc.dat', 'nue': 'aeff/V36/cuts_V5/a_eff_nue.dat', 'nutau': 'aeff/V36/cuts_V5/a_eff_nutau.dat', 'numu_bar': 'aeff/V36/cuts_V5/a_eff_numubar.dat'}, 'theta23': 0.6807, 'nue_numu_ratio': 1.0, 'livetime': 1.0, 'detector_depth': 2.0, 'channel': 'all', 'YeI': 0.4656, 'YeM': 0.4957, 'YeO': 0.47149999999999997, 'cz_reco_scale': 1.0, 'reco_param_file': 'reco/V36.json', 'earth_model': 'oscillations/PREM_12layer.dat', 'flux_file': 'flux/frj-solmin-mountain-aa.d', 'reco_kernel_file': None, 'deltam31': 0.00246, 'osc_code': 'prob3', 'PID_scale': 1.0, 'reco_mc_wt_file': 'events/V36_weighted_aeff_joined_nu_nubar.hdf5', 'aeff_weight_file': None, 'atm_delta_index': 0.0, 'e_reco_scale': 1.0, 'reco_vbwkde_evts_file': 'events/V36_weighted_aeff_joined_nu_nubar.hdf5', 'theta12': 0.5846852994181004, 'energy_scale': 1.0, 'aeff_mode': 'param', 'pid_paramfile': 'pid/V36_pid_recoEgy.json'}
[    INFO] start oscillation calculation
[    INFO] stop oscillation calculation
       ==> elapsed time to get all fine maps: 3.03492903709 sec
running at  (('YeO', 0.46929999999999999),)
fixing YeO to 0.47
[    INFO] start oscillation calculation
[    INFO] stop oscillation calculation
       ==> elapsed time to get all fine maps: 3.03476715088 sec
{'PID_offset': 0.0, 'theta13': 0.14835298641951802, 'pid_kernelfile': None, 'deltacp': 0.0, 'aeff_coszen_par': 'aeff/V36/V36_aeff_cz.json', 'nu_nubar_ratio': 1.0, 'deltam21': 7.5e-05, 'aeff_scale': 1.0, 'reco_mode': 'param', 'pid_mode': 'param', 'prop_height': 20.0, 'aeff_egy_par': {'numu': 'aeff/V36/cuts_V5/a_eff_numu.dat', 'nue_bar': 'aeff/V36/cuts_V5/a_eff_nuebar.dat', 'NC': 'aeff/V36/cuts_V5/a_eff_nuall_nc.dat', 'nutau_bar': 'aeff/V36/cuts_V5/a_eff_nutaubar.dat', 'NC_bar': 'aeff/V36/cuts_V5/a_eff_nuallbar_nc.dat', 'nue': 'aeff/V36/cuts_V5/a_eff_nue.dat', 'nutau': 'aeff/V36/cuts_V5/a_eff_nutau.dat', 'numu_bar': 'aeff/V36/cuts_V5/a_eff_numubar.dat'}, 'theta23': 0.6807, 'nue_numu_ratio': 1.0, 'livetime': 1.0, 'detector_depth': 2.0, 'channel': 'all', 'YeI': 0.4656, 'YeM': 0.4957, 'YeO': 0.46929999999999999, 'cz_reco_scale': 1.0, 'reco_param_file': 'reco/V36.json', 'earth_model': 'oscillations/PREM_12layer.dat', 'flux_file': 'flux/frj-solmin-mountain-aa.d', 'reco_kernel_file': None, 'deltam31': -0.00237, 'osc_code': 'prob3', 'PID_scale': 1.0, 'reco_mc_wt_file': 'events/V36_weighted_aeff_joined_nu_nubar.hdf5', 'aeff_weight_file': None, 'atm_delta_index': 0.0, 'e_reco_scale': 1.0, 'reco_vbwkde_evts_file': 'events/V36_weighted_aeff_joined_nu_nubar.hdf5', 'theta12': 0.5846852994181004, 'energy_scale': 1.0, 'aeff_mode': 'param', 'pid_paramfile': 'pid/V36_pid_recoEgy.json'}
running at  (('YeO', 0.46970000000000001),)
fixing YeO to 0.47
[    INFO] start oscillation calculation
[    INFO] stop oscillation calculation
       ==> elapsed time to get all fine maps: 3.0157790184 sec
{'PID_offset': 0.0, 'theta13': 0.14835298641951802, 'pid_kernelfile': None, 'deltacp': 0.0, 'aeff_coszen_par': 'aeff/V36/V36_aeff_cz.json', 'nu_nubar_ratio': 1.0, 'deltam21': 7.5e-05, 'aeff_scale': 1.0, 'reco_mode': 'param', 'pid_mode': 'param', 'prop_height': 20.0, 'aeff_egy_par': {'numu': 'aeff/V36/cuts_V5/a_eff_numu.dat', 'nue_bar': 'aeff/V36/cuts_V5/a_eff_nuebar.dat', 'NC': 'aeff/V36/cuts_V5/a_eff_nuall_nc.dat', 'nutau_bar': 'aeff/V36/cuts_V5/a_eff_nutaubar.dat', 'NC_bar': 'aeff/V36/cuts_V5/a_eff_nuallbar_nc.dat', 'nue': 'aeff/V36/cuts_V5/a_eff_nue.dat', 'nutau': 'aeff/V36/cuts_V5/a_eff_nutau.dat', 'numu_bar': 'aeff/V36/cuts_V5/a_eff_numubar.dat'}, 'theta23': 0.6807, 'nue_numu_ratio': 1.0, 'livetime': 1.0, 'detector_depth': 2.0, 'channel': 'all', 'YeI': 0.4656, 'YeM': 0.4957, 'YeO': 0.46970000000000001, 'cz_reco_scale': 1.0, 'reco_param_file': 'reco/V36.json', 'earth_model': 'oscillations/PREM_12layer.dat', 'flux_file': 'flux/frj-solmin-mountain-aa.d', 'reco_kernel_file': None, 'deltam31': -0.00237, 'osc_code': 'prob3', 'PID_scale': 1.0, 'reco_mc_wt_file': 'events/V36_weighted_aeff_joined_nu_nubar.hdf5', 'aeff_weight_file': None, 'atm_delta_index': 0.0, 'e_reco_scale': 1.0, 'reco_vbwkde_evts_file': 'events/V36_weighted_aeff_joined_nu_nubar.hdf5', 'theta12': 0.5846852994181004, 'energy_scale': 1.0, 'aeff_mode': 'param', 'pid_paramfile': 'pid/V36_pid_recoEgy.json'}
running at  (('YeO', 0.47089999999999999),)
fixing YeO to 0.47
[    INFO] start oscillation calculation
[    INFO] stop oscillation calculation
       ==> elapsed time to get all fine maps: 3.01956009865 sec
{'PID_offset': 0.0, 'theta13': 0.14835298641951802, 'pid_kernelfile': None, 'deltacp': 0.0, 'aeff_coszen_par': 'aeff/V36/V36_aeff_cz.json', 'nu_nubar_ratio': 1.0, 'deltam21': 7.5e-05, 'aeff_scale': 1.0, 'reco_mode': 'param', 'pid_mode': 'param', 'prop_height': 20.0, 'aeff_egy_par': {'numu': 'aeff/V36/cuts_V5/a_eff_numu.dat', 'nue_bar': 'aeff/V36/cuts_V5/a_eff_nuebar.dat', 'NC': 'aeff/V36/cuts_V5/a_eff_nuall_nc.dat', 'nutau_bar': 'aeff/V36/cuts_V5/a_eff_nutaubar.dat', 'NC_bar': 'aeff/V36/cuts_V5/a_eff_nuallbar_nc.dat', 'nue': 'aeff/V36/cuts_V5/a_eff_nue.dat', 'nutau': 'aeff/V36/cuts_V5/a_eff_nutau.dat', 'numu_bar': 'aeff/V36/cuts_V5/a_eff_numubar.dat'}, 'theta23': 0.6807, 'nue_numu_ratio': 1.0, 'livetime': 1.0, 'detector_depth': 2.0, 'channel': 'all', 'YeI': 0.4656, 'YeM': 0.4957, 'YeO': 0.47089999999999999, 'cz_reco_scale': 1.0, 'reco_param_file': 'reco/V36.json', 'earth_model': 'oscillations/PREM_12layer.dat', 'flux_file': 'flux/frj-solmin-mountain-aa.d', 'reco_kernel_file': None, 'deltam31': -0.00237, 'osc_code': 'prob3', 'PID_scale': 1.0, 'reco_mc_wt_file': 'events/V36_weighted_aeff_joined_nu_nubar.hdf5', 'aeff_weight_file': None, 'atm_delta_index': 0.0, 'e_reco_scale': 1.0, 'reco_vbwkde_evts_file': 'events/V36_weighted_aeff_joined_nu_nubar.hdf5', 'theta12': 0.5846852994181004, 'energy_scale': 1.0, 'aeff_mode': 'param', 'pid_paramfile': 'pid/V36_pid_recoEgy.json'}
running at  (('YeO', 0.47149999999999997),)
fixing YeO to 0.47
[    INFO] start oscillation calculation
[    INFO] stop oscillation calculation
       ==> elapsed time to get all fine maps: 3.04561495781 sec
{'PID_offset': 0.0, 'theta13': 0.14835298641951802, 'pid_kernelfile': None, 'deltacp': 0.0, 'aeff_coszen_par': 'aeff/V36/V36_aeff_cz.json', 'nu_nubar_ratio': 1.0, 'deltam21': 7.5e-05, 'aeff_scale': 1.0, 'reco_mode': 'param', 'pid_mode': 'param', 'prop_height': 20.0, 'aeff_egy_par': {'numu': 'aeff/V36/cuts_V5/a_eff_numu.dat', 'nue_bar': 'aeff/V36/cuts_V5/a_eff_nuebar.dat', 'NC': 'aeff/V36/cuts_V5/a_eff_nuall_nc.dat', 'nutau_bar': 'aeff/V36/cuts_V5/a_eff_nutaubar.dat', 'NC_bar': 'aeff/V36/cuts_V5/a_eff_nuallbar_nc.dat', 'nue': 'aeff/V36/cuts_V5/a_eff_nue.dat', 'nutau': 'aeff/V36/cuts_V5/a_eff_nutau.dat', 'numu_bar': 'aeff/V36/cuts_V5/a_eff_numubar.dat'}, 'theta23': 0.6807, 'nue_numu_ratio': 1.0, 'livetime': 1.0, 'detector_depth': 2.0, 'channel': 'all', 'YeI': 0.4656, 'YeM': 0.4957, 'YeO': 0.47149999999999997, 'cz_reco_scale': 1.0, 'reco_param_file': 'reco/V36.json', 'earth_model': 'oscillations/PREM_12layer.dat', 'flux_file': 'flux/frj-solmin-mountain-aa.d', 'reco_kernel_file': None, 'deltam31': -0.00237, 'osc_code': 'prob3', 'PID_scale': 1.0, 'reco_mc_wt_file': 'events/V36_weighted_aeff_joined_nu_nubar.hdf5', 'aeff_weight_file': None, 'atm_delta_index': 0.0, 'e_reco_scale': 1.0, 'reco_vbwkde_evts_file': 'events/V36_weighted_aeff_joined_nu_nubar.hdf5', 'theta12': 0.5846852994181004, 'energy_scale': 1.0, 'aeff_mode': 'param', 'pid_paramfile': 'pid/V36_pid_recoEgy.json'}
[ WARNING] FINISHED. Saving to file: /home/debanjan/pisa_files/runpull_files/runpull_test.json
Trying to import Prob3GPUOscillationService...
CAN NOT import Prob3GPUOscillationService...
[ WARNING] Ensuring that YeO is fixed for this analysis.
[    INFO] ==> elapsed time to initialize templates: 2.75281214714 sec
[    INFO] start oscillation calculation
[    INFO] stop oscillation calculation
       ==> elapsed time to get all fine maps: 3.04073786736 sec
running at  (('YeO', 0.46929999999999999),)
fixing YeO to 0.47
[    INFO] start oscillation calculation
[    INFO] stop oscillation calculation
       ==> elapsed time to get all fine maps: 3.06072187424 sec
{'PID_offset': 0.0, 'theta13': 0.14835298641951802, 'pid_kernelfile': None, 'deltacp': 0.0, 'aeff_coszen_par': 'aeff/V36/V36_aeff_cz.json', 'nu_nubar_ratio': 1.0, 'deltam21': 7.5e-05, 'aeff_scale': 1.0, 'reco_mode': 'param', 'pid_mode': 'param', 'prop_height': 20.0, 'aeff_egy_par': {'numu': 'aeff/V36/cuts_V5/a_eff_numu.dat', 'nue_bar': 'aeff/V36/cuts_V5/a_eff_nuebar.dat', 'NC': 'aeff/V36/cuts_V5/a_eff_nuall_nc.dat', 'nutau_bar': 'aeff/V36/cuts_V5/a_eff_nutaubar.dat', 'NC_bar': 'aeff/V36/cuts_V5/a_eff_nuallbar_nc.dat', 'nue': 'aeff/V36/cuts_V5/a_eff_nue.dat', 'nutau': 'aeff/V36/cuts_V5/a_eff_nutau.dat', 'numu_bar': 'aeff/V36/cuts_V5/a_eff_numubar.dat'}, 'theta23': 0.6807, 'nue_numu_ratio': 1.0, 'livetime': 1.0, 'detector_depth': 2.0, 'channel': 'all', 'YeI': 0.4656, 'YeM': 0.4957, 'YeO': 0.46929999999999999, 'cz_reco_scale': 1.0, 'reco_param_file': 'reco/V36.json', 'earth_model': 'oscillations/PREM_12layer.dat', 'flux_file': 'flux/frj-solmin-mountain-aa.d', 'reco_kernel_file': None, 'deltam31': -0.00237, 'osc_code': 'prob3', 'PID_scale': 1.0, 'reco_mc_wt_file': 'events/V36_weighted_aeff_joined_nu_nubar.hdf5', 'aeff_weight_file': None, 'atm_delta_index': 0.0, 'e_reco_scale': 1.0, 'reco_vbwkde_evts_file': 'events/V36_weighted_aeff_joined_nu_nubar.hdf5', 'theta12': 0.5846852994181004, 'energy_scale': 1.0, 'aeff_mode': 'param', 'pid_paramfile': 'pid/V36_pid_recoEgy.json'}
running at  (('YeO', 0.46970000000000001),)
fixing YeO to 0.47
[    INFO] start oscillation calculation
[    INFO] stop oscillation calculation
       ==> elapsed time to get all fine maps: 3.04553699493 sec
{'PID_offset': 0.0, 'theta13': 0.14835298641951802, 'pid_kernelfile': None, 'deltacp': 0.0, 'aeff_coszen_par': 'aeff/V36/V36_aeff_cz.json', 'nu_nubar_ratio': 1.0, 'deltam21': 7.5e-05, 'aeff_scale': 1.0, 'reco_mode': 'param', 'pid_mode': 'param', 'prop_height': 20.0, 'aeff_egy_par': {'numu': 'aeff/V36/cuts_V5/a_eff_numu.dat', 'nue_bar': 'aeff/V36/cuts_V5/a_eff_nuebar.dat', 'NC': 'aeff/V36/cuts_V5/a_eff_nuall_nc.dat', 'nutau_bar': 'aeff/V36/cuts_V5/a_eff_nutaubar.dat', 'NC_bar': 'aeff/V36/cuts_V5/a_eff_nuallbar_nc.dat', 'nue': 'aeff/V36/cuts_V5/a_eff_nue.dat', 'nutau': 'aeff/V36/cuts_V5/a_eff_nutau.dat', 'numu_bar': 'aeff/V36/cuts_V5/a_eff_numubar.dat'}, 'theta23': 0.6807, 'nue_numu_ratio': 1.0, 'livetime': 1.0, 'detector_depth': 2.0, 'channel': 'all', 'YeI': 0.4656, 'YeM': 0.4957, 'YeO': 0.46970000000000001, 'cz_reco_scale': 1.0, 'reco_param_file': 'reco/V36.json', 'earth_model': 'oscillations/PREM_12layer.dat', 'flux_file': 'flux/frj-solmin-mountain-aa.d', 'reco_kernel_file': None, 'deltam31': -0.00237, 'osc_code': 'prob3', 'PID_scale': 1.0, 'reco_mc_wt_file': 'events/V36_weighted_aeff_joined_nu_nubar.hdf5', 'aeff_weight_file': None, 'atm_delta_index': 0.0, 'e_reco_scale': 1.0, 'reco_vbwkde_evts_file': 'events/V36_weighted_aeff_joined_nu_nubar.hdf5', 'theta12': 0.5846852994181004, 'energy_scale': 1.0, 'aeff_mode': 'param', 'pid_paramfile': 'pid/V36_pid_recoEgy.json'}
running at  (('YeO', 0.47089999999999999),)
fixing YeO to 0.47
[    INFO] start oscillation calculation
